*********************************************************************
* LD Score Regression (LDSC)
* Version 1.0.1
* (C) 2014-2019 Brendan Bulik-Sullivan and Hilary Finucane
* Broad Institute of MIT and Harvard / MIT Department of Mathematics
* GNU General Public License v3
*********************************************************************
Call: 
./ldsc.py \
--ref-ld-chr /data/eur_w_ld_chr/ \
--out /data/genetic_correlation_a2l \
--rg /data/asthma_gss_ldsc_input.sumstats.gz,/data/lung_cancer_gss_ldsc_input.sumstats.gz \
--w-ld-chr /data/eur_w_ld_chr/ 

Beginning analysis at Sun Oct  1 12:28:42 2023
Reading summary statistics from /data/asthma_gss_ldsc_input.sumstats.gz ...
Read summary statistics for 1185324 SNPs.
Reading reference panel LD Score from /data/eur_w_ld_chr/[1-22] ... (ldscore_fromlist)
Read reference panel LD Scores for 1290028 SNPs.
Removing partitioned LD Scores with zero variance.
Reading regression weight LD Score from /data/eur_w_ld_chr/[1-22] ... (ldscore_fromlist)
Read regression weight LD Scores for 1290028 SNPs.
After merging with reference panel LD, 1162685 SNPs remain.
After merging with regression SNP LD, 1162685 SNPs remain.
Computing rg for phenotype 2/2
Reading summary statistics from /data/lung_cancer_gss_ldsc_input.sumstats.gz ...
Read summary statistics for 1217311 SNPs.
After merging with summary statistics, 1162685 SNPs remain.
1162685 SNPs with valid alleles.

Heritability of phenotype 1
---------------------------
Total Observed scale h2: 0.0034 (0.0011)
Lambda GC: 1.0375
Mean Chi^2: 1.0376
Intercept: 1.0079 (0.0066)
Ratio: 0.2097 (0.1765)

Heritability of phenotype 2/2
-----------------------------
Total Observed scale h2: 0.0027 (0.0009)
Lambda GC: 1.0165
Mean Chi^2: 1.0198
Intercept: 0.9956 (0.0063)
Ratio < 0 (usually indicates GC correction).

Genetic Covariance
------------------
Total Observed scale gencov: 0.0017 (0.0008)
Mean z1*z2: 0.0183
Intercept: 0.0028 (0.0044)

Genetic Correlation
-------------------
Genetic Correlation: 0.5772 (0.2781)
Z-score: 2.0758
P: 0.0379


Summary of Genetic Correlation Results
p1                                            p2      rg      se       z       p  h2_obs  h2_obs_se  h2_int  h2_int_se  gcov_int  gcov_int_se
/data/asthma_gss_ldsc_input.sumstats.gz  /data/lung_cancer_gss_ldsc_input.sumstats.gz  0.5772  0.2781  2.0758  0.0379  0.0027     0.0009  0.9956     0.0063    0.0028       0.0044

Analysis finished at Sun Oct  1 12:29:03 2023
Total time elapsed: 21.31s
