*********************************************************************
* LD Score Regression (LDSC)
* Version 1.0.1
* (C) 2014-2019 Brendan Bulik-Sullivan and Hilary Finucane
* Broad Institute of MIT and Harvard / MIT Department of Mathematics
* GNU General Public License v3
*********************************************************************
Call: 
./ldsc.py \
--ref-ld-chr /data/eur_w_ld_chr/ \
--out /data/genetic_correlation_e2a \
--rg /data/ever_smoke_gss_ldsc_input.sumstats.gz,/data/asthma_gss_ldsc_input.sumstats.gz \
--w-ld-chr /data/eur_w_ld_chr/ 

Beginning analysis at Sun Oct  1 12:25:50 2023
Reading summary statistics from /data/ever_smoke_gss_ldsc_input.sumstats.gz ...
Read summary statistics for 1185327 SNPs.
Reading reference panel LD Score from /data/eur_w_ld_chr/[1-22] ... (ldscore_fromlist)
Read reference panel LD Scores for 1290028 SNPs.
Removing partitioned LD Scores with zero variance.
Reading regression weight LD Score from /data/eur_w_ld_chr/[1-22] ... (ldscore_fromlist)
Read regression weight LD Scores for 1290028 SNPs.
After merging with reference panel LD, 1162688 SNPs remain.
After merging with regression SNP LD, 1162688 SNPs remain.
Computing rg for phenotype 2/2
Reading summary statistics from /data/asthma_gss_ldsc_input.sumstats.gz ...
Read summary statistics for 1217311 SNPs.
After merging with summary statistics, 1162688 SNPs remain.
1162685 SNPs with valid alleles.

Heritability of phenotype 1
---------------------------
Total Observed scale h2: 0.0743 (0.0029)
Lambda GC: 1.5035
Mean Chi^2: 1.6727
Intercept: 1.0135 (0.0104)
Ratio: 0.0201 (0.0154)

Heritability of phenotype 2/2
-----------------------------
Total Observed scale h2: 0.0034 (0.0011)
Lambda GC: 1.0375
Mean Chi^2: 1.0376
Intercept: 1.0079 (0.0066)
Ratio: 0.2097 (0.1765)

Genetic Covariance
------------------
Total Observed scale gencov: 0.0025 (0.001)
Mean z1*z2: 0.0254
Intercept: 0.0048 (0.0055)

Genetic Correlation
-------------------
Genetic Correlation: 0.156 (0.0651)
Z-score: 2.3962
P: 0.0166


Summary of Genetic Correlation Results
p1                                       p2     rg      se       z       p  h2_obs  h2_obs_se  h2_int  h2_int_se  gcov_int  gcov_int_se
/data/ever_smoke_gss_ldsc_input.sumstats.gz  /data/asthma_gss_ldsc_input.sumstats.gz  0.156  0.0651  2.3962  0.0166  0.0034     0.0011  1.0079     0.0066    0.0048       0.0055

Analysis finished at Sun Oct  1 12:26:15 2023
Total time elapsed: 24.68s
